Build started 17/10/2011 10:44:38 PM.
     1>Project "D:\Projects\Platformer\Platformer\Platformer.vcxproj" on node 2 (build target(s)).
     1>InitializeBuildStatus:
         Creating "Debug\Platformer.unsuccessfulbuild" because "AlwaysCreate" was specified.
       ClCompile:
         All outputs are up-to-date.
         C:\Program Files\Microsoft Visual Studio 10.0\VC\bin\CL.exe /c /I"D:\glew-1.6.0\include\GL" /I"D:\SDL-1.2.14\include" /ZI /nologo /W3 /WX- /Od /Oy- /D _MBCS /Gm /EHsc /RTC1 /MD /GS /fp:precise /Zc:wchar_t /Zc:forScope /Fo"Debug\\" /Fd"Debug\vc100.pdb" /Gd /TP /analyze- /errorReport:prompt Level.cpp main.cpp Player.cpp
         Player.cpp
     1>d:\projects\platformer\platformer\player.cpp(177): warning C4244: '+=' : conversion from 'double' to 'int', possible loss of data
     1>d:\projects\platformer\platformer\player.cpp(185): warning C4800: 'int' : forcing value to bool 'true' or 'false' (performance warning)
         main.cpp
         Level.cpp
         Generating Code...
       Link:
         C:\Program Files\Microsoft Visual Studio 10.0\VC\bin\link.exe /ERRORREPORT:PROMPT /OUT:"D:\Projects\Platformer\Debug\Platformer.exe" /NOLOGO SDL.lib SDLmain.lib glut32.lib cgGL.lib cg.lib Opengl32.lib SDL.lib SDLmain.lib cg.lib glut32.lib Opengl32.lib sdl.lib sdlMain.lib kernel32.lib user32.lib gdi32.lib winspool.lib comdlg32.lib advapi32.lib shell32.lib ole32.lib oleaut32.lib uuid.lib odbc32.lib odbccp32.lib /MANIFEST /ManifestFile:"Debug\Platformer.exe.intermediate.manifest" /MANIFESTUAC:"level='asInvoker' uiAccess='false'" /DEBUG /PDB:"D:\Projects\Platformer\Debug\Platformer.pdb" /SUBSYSTEM:WINDOWS /TLBID:1 /DYNAMICBASE /NXCOMPAT /IMPLIB:"D:\Projects\Platformer\Debug\Platformer.lib" /MACHINE:X86 Debug\Level.obj
         Debug\main.obj
         Debug\Player.obj
         LINK : D:\Projects\Platformer\Debug\Platformer.exe not found or not built by the last incremental link; performing full link
         Platformer.vcxproj -> D:\Projects\Platformer\Debug\Platformer.exe
       Manifest:
         C:\Program Files\Microsoft SDKs\Windows\v7.0A\bin\mt.exe /nologo /verbose /outputresource:"D:\Projects\Platformer\Debug\Platformer.exe;#1" /manifest Debug\Platformer.exe.intermediate.manifest
       FinalizeBuildStatus:
         Deleting file "Debug\Platformer.unsuccessfulbuild".
         Touching "Debug\Platformer.lastbuildstate".
     1>Done Building Project "D:\Projects\Platformer\Platformer\Platformer.vcxproj" (build target(s)).

Build succeeded.

Time Elapsed 00:00:08.25
